Arguments: 
  D:\node.js\node.exe D:\Software\yarn\bin\yarn.js init

PATH: 
  D:\Software\cmder\vendor\git-for-windows\mingw64\bin;D:\Software\cmder\vendor\git-for-windows\usr\bin;C:\Users\bryant\bin;C:\Program Files\Microsoft SQL Server\Client SDK\ODBC\130\Tools\Binn;C:\Program Files (x86)\Microsoft SQL Server\140\Tools\Binn;C:\Program Files\Microsoft SQL Server\140\Tools\Binn;C:\Program Files\Microsoft SQL Server\140\DTS\Binn;C:\Program Files\Java\jdk1.8.0_102\bin;C:\Program Files (x86)\Microsoft SQL Server\150\DTS\Binn;C:\Program Files (x86)\NVIDIA Corporation\PhysX\Common;C:\Program Files\NVIDIA Corporation\NVIDIA NvDLISR;D:\android-sdk\platform-tool;.;C:\Windows\System32\cmd.exe;C:\WINDOWS\system32;C:\WINDOWS;C:\WINDOWS\system32\wbem;%CATALINA_HOME%\bin;D:\node.js;D:\Software\yarn\bin;C:\Users\bryant\AppData\Local\Programs\Python\Python36\Scripts;C:\Users\bryant\AppData\Local\Programs\Python\Python36; C;D:\Software\cmder\vendor\git-for-windows\Program Files\Java\jdk1.8.0_102\bin;C:\Program Files\Java\jdk1.8.0_102\jre\bin;C:\Users\bryant\AppData\Local\Programs\Microsoft VS Code\binC;D:\Software\cmder\vendor\git-for-windows\Windows\System32\cmd.exe;D:\python;D:\python\Scripts;C:\Users\bryant\AppData\Roaming\npm;D:\vscode\Microsoft VS Code\bin;C:\Users\bryant\AppData\Local\Yarn\bin

Yarn version: 
  1.22.5

Node version: 
  14.17.0

Platform: 
  win32 x64

Trace: 
  Error: canceled
      at Interface.<anonymous> (D:\Software\yarn\lib\cli.js:137009:13)
      at Interface.emit (events.js:376:20)
      at Interface._ttyWrite (readline.js:880:16)
      at ReadStream.onkeypress (readline.js:213:10)
      at ReadStream.emit (events.js:376:20)
      at emitKeys (internal/readline/utils.js:345:14)
      at emitKeys.next (<anonymous>)
      at ReadStream.onData (readline.js:1149:36)
      at ReadStream.emit (events.js:376:20)
      at addChunk (internal/streams/readable.js:309:12)

npm manifest: 
  No manifest

yarn manifest: 
  No manifest

Lockfile: 
  No lockfile
